\BOOKMARK [1][-]{section.1}{\376\377\000H\000o\000w\000\040\000t\000o\000\040\000U\000s\000e\000\040\000T\000h\000i\000s\000\040\000C\000o\000u\000r\000s\000e}{}% 1
\BOOKMARK [1][-]{section.2}{\376\377\000M\000e\000a\000s\000u\000r\000e\000-\000T\000h\000e\000o\000r\000e\000t\000i\000c\000\040\000F\000o\000u\000n\000d\000a\000t\000i\000o\000n\000s\000\040\000o\000f\000\040\000P\000r\000o\000b\000a\000b\000i\000l\000i\000t\000y}{}% 2
\BOOKMARK [2][-]{subsection.2.1}{\376\377\000M\000e\000a\000s\000u\000r\000e\000\040\000S\000p\000a\000c\000e\000s\000\040\000a\000n\000d\000\040\000P\000r\000o\000b\000a\000b\000i\000l\000i\000t\000y\000\040\000S\000p\000a\000c\000e\000s}{section.2}% 3
\BOOKMARK [2][-]{subsection.2.2}{\376\377\000R\000a\000n\000d\000o\000m\000\040\000V\000a\000r\000i\000a\000b\000l\000e\000s\000\040\000a\000s\000\040\000M\000e\000a\000s\000u\000r\000a\000b\000l\000e\000\040\000M\000a\000p\000s}{section.2}% 4
\BOOKMARK [1][-]{section.3}{\376\377\000I\000n\000t\000e\000g\000r\000a\000t\000i\000o\000n\000\040\000a\000n\000d\000\040\000E\000x\000p\000e\000c\000t\000a\000t\000i\000o\000n}{}% 5
\BOOKMARK [2][-]{subsection.3.1}{\376\377\000L\000e\000b\000e\000s\000g\000u\000e\000\040\000I\000n\000t\000e\000g\000r\000a\000l}{section.3}% 6
\BOOKMARK [2][-]{subsection.3.2}{\376\377\000M\000o\000n\000o\000t\000o\000n\000e\000\040\000C\000o\000n\000v\000e\000r\000g\000e\000n\000c\000e\000\040\000a\000n\000d\000\040\000D\000o\000m\000i\000n\000a\000t\000e\000d\000\040\000C\000o\000n\000v\000e\000r\000g\000e\000n\000c\000e}{section.3}% 7
\BOOKMARK [1][-]{section.4}{\376\377\000M\000o\000d\000e\000s\000\040\000o\000f\000\040\000C\000o\000n\000v\000e\000r\000g\000e\000n\000c\000e\000\040\000a\000n\000d\000\040\000W\000e\000a\000k\000\040\000C\000o\000n\000v\000e\000r\000g\000e\000n\000c\000e}{}% 8
\BOOKMARK [2][-]{subsection.4.1}{\376\377\000A\000l\000m\000o\000s\000t\000\040\000S\000u\000r\000e\000,\000\040\000I\000n\000\040\000P\000r\000o\000b\000a\000b\000i\000l\000i\000t\000y\000,\000\040\000I\000n\000\040\000L\000p}{section.4}% 9
\BOOKMARK [2][-]{subsection.4.2}{\376\377\000W\000e\000a\000k\000\040\000C\000o\000n\000v\000e\000r\000g\000e\000n\000c\000e\000\040\000o\000f\000\040\000D\000i\000s\000t\000r\000i\000b\000u\000t\000i\000o\000n\000s}{section.4}% 10
\BOOKMARK [1][-]{section.5}{\376\377\000I\000n\000d\000e\000p\000e\000n\000d\000e\000n\000c\000e\000,\000\040\000B\000o\000r\000e\000l\040\023\000C\000a\000n\000t\000e\000l\000l\000i\000,\000\040\000a\000n\000d\000\040\000Z\000e\000r\000o\040\023\000O\000n\000e\000\040\000L\000a\000w\000s}{}% 11
\BOOKMARK [2][-]{subsection.5.1}{\376\377\000I\000n\000d\000e\000p\000e\000n\000d\000e\000n\000c\000e\000\040\000o\000f\000\040\000S\000i\000g\000m\000a\000-\000A\000l\000g\000e\000b\000r\000a\000s\000\040\000a\000n\000d\000\040\000R\000a\000n\000d\000o\000m\000\040\000V\000a\000r\000i\000a\000b\000l\000e\000s}{section.5}% 12
\BOOKMARK [2][-]{subsection.5.2}{\376\377\000B\000o\000r\000e\000l\040\023\000C\000a\000n\000t\000e\000l\000l\000i\000\040\000L\000e\000m\000m\000a\000s}{section.5}% 13
\BOOKMARK [2][-]{subsection.5.3}{\376\377\000K\000o\000l\000m\000o\000g\000o\000r\000o\000v\000\040\000Z\000e\000r\000o\040\023\000O\000n\000e\000\040\000L\000a\000w}{section.5}% 14
\BOOKMARK [1][-]{section.6}{\376\377\000S\000t\000r\000o\000n\000g\000\040\000L\000a\000w\000s\000,\000\040\000C\000e\000n\000t\000r\000a\000l\000\040\000L\000i\000m\000i\000t\000\040\000T\000h\000e\000o\000r\000e\000m\000s\000,\000\040\000a\000n\000d\000\040\000L\000I\000L}{}% 15
\BOOKMARK [2][-]{subsection.6.1}{\376\377\000K\000o\000l\000m\000o\000g\000o\000r\000o\000v\000'\000s\000\040\000S\000t\000r\000o\000n\000g\000\040\000L\000a\000w\000\040\000o\000f\000\040\000L\000a\000r\000g\000e\000\040\000N\000u\000m\000b\000e\000r\000s}{section.6}% 16
\BOOKMARK [2][-]{subsection.6.2}{\376\377\000L\000i\000n\000d\000e\000b\000e\000r\000g\040\023\000F\000e\000l\000l\000e\000r\000\040\000C\000L\000T}{section.6}% 17
\BOOKMARK [2][-]{subsection.6.3}{\376\377\000L\000a\000w\000\040\000o\000f\000\040\000t\000h\000e\000\040\000I\000t\000e\000r\000a\000t\000e\000d\000\040\000L\000o\000g\000a\000r\000i\000t\000h\000m\000\040\000\050\000L\000I\000L\000\051}{section.6}% 18
\BOOKMARK [1][-]{section.7}{\376\377\000C\000o\000n\000d\000i\000t\000i\000o\000n\000a\000l\000\040\000E\000x\000p\000e\000c\000t\000a\000t\000i\000o\000n\000\040\000a\000s\000\040\000P\000r\000o\000j\000e\000c\000t\000i\000o\000n\000\040\000a\000n\000d\000\040\000M\000a\000r\000t\000i\000n\000g\000a\000l\000e\000s}{}% 19
\BOOKMARK [2][-]{subsection.7.1}{\376\377\000C\000o\000n\000d\000i\000t\000i\000o\000n\000a\000l\000\040\000E\000x\000p\000e\000c\000t\000a\000t\000i\000o\000n\000\040\000w\000.\000r\000.\000t\000.\000\040\000a\000\040\000S\000i\000g\000m\000a\000-\000A\000l\000g\000e\000b\000r\000a}{section.7}% 20
\BOOKMARK [2][-]{subsection.7.2}{\376\377\000M\000a\000r\000t\000i\000n\000g\000a\000l\000e\000s}{section.7}% 21
\BOOKMARK [2][-]{subsection.7.3}{\376\377\000O\000p\000t\000i\000o\000n\000a\000l\000\040\000S\000t\000o\000p\000p\000i\000n\000g\000\040\000a\000n\000d\000\040\000D\000o\000o\000b\000'\000s\000\040\000I\000n\000e\000q\000u\000a\000l\000i\000t\000i\000e\000s}{section.7}% 22
\BOOKMARK [2][-]{subsection.7.4}{\376\377\000M\000a\000r\000t\000i\000n\000g\000a\000l\000e\000\040\000C\000o\000n\000v\000e\000r\000g\000e\000n\000c\000e}{section.7}% 23
\BOOKMARK [1][-]{section.8}{\376\377\000D\000i\000s\000c\000r\000e\000t\000e\000-\000T\000i\000m\000e\000\040\000M\000a\000r\000k\000o\000v\000\040\000C\000h\000a\000i\000n\000s}{}% 24
\BOOKMARK [2][-]{subsection.8.1}{\376\377\000D\000e\000f\000i\000n\000i\000t\000i\000o\000n\000s}{section.8}% 25
\BOOKMARK [2][-]{subsection.8.2}{\376\377\000T\000r\000a\000n\000s\000i\000t\000i\000o\000n\000\040\000P\000r\000o\000b\000a\000b\000i\000l\000i\000t\000i\000e\000s\000\040\000a\000n\000d\000\040\000n\000-\000S\000t\000e\000p\000\040\000T\000r\000a\000n\000s\000i\000t\000i\000o\000n\000s}{section.8}% 26
\BOOKMARK [2][-]{subsection.8.3}{\376\377\000C\000l\000a\000s\000s\000i\000f\000i\000c\000a\000t\000i\000o\000n\000\040\000o\000f\000\040\000S\000t\000a\000t\000e\000s\000\040\000a\000n\000d\000\040\000S\000t\000a\000t\000i\000o\000n\000a\000r\000y\000\040\000D\000i\000s\000t\000r\000i\000b\000u\000t\000i\000o\000n\000s}{section.8}% 27
\BOOKMARK [2][-]{subsection.8.4}{\376\377\000E\000r\000g\000o\000d\000i\000c\000\040\000T\000h\000e\000o\000r\000e\000m\000\040\000f\000o\000r\000\040\000M\000a\000r\000k\000o\000v\000\040\000C\000h\000a\000i\000n\000s}{section.8}% 28
\BOOKMARK [1][-]{section.9}{\376\377\000B\000r\000o\000w\000n\000i\000a\000n\000\040\000M\000o\000t\000i\000o\000n\000\040\000a\000n\000d\000\040\000I\000n\000t\000r\000o\000d\000u\000c\000t\000i\000o\000n\000\040\000t\000o\000\040\000S\000t\000o\000c\000h\000a\000s\000t\000i\000c\000\040\000C\000a\000l\000c\000u\000l\000u\000s}{}% 29
\BOOKMARK [2][-]{subsection.9.1}{\376\377\000S\000t\000a\000n\000d\000a\000r\000d\000\040\000B\000r\000o\000w\000n\000i\000a\000n\000\040\000M\000o\000t\000i\000o\000n}{section.9}% 30
\BOOKMARK [2][-]{subsection.9.2}{\376\377\000Q\000u\000a\000d\000r\000a\000t\000i\000c\000\040\000V\000a\000r\000i\000a\000t\000i\000o\000n}{section.9}% 31
\BOOKMARK [2][-]{subsection.9.3}{\376\377\000I\000t\000\364\000\040\000I\000n\000t\000e\000g\000r\000a\000l\000\040\000\050\000I\000d\000e\000a\000\051}{section.9}% 32
\BOOKMARK [2][-]{subsection.9.4}{\376\377\000I\000t\000\364\000'\000s\000\040\000F\000o\000r\000m\000u\000l\000a}{section.9}% 33
\BOOKMARK [1][-]{section.10}{\376\377\000D\000e\000c\000i\000s\000i\000o\000n\000\040\000T\000h\000e\000o\000r\000y\000\040\000a\000n\000d\000\040\000R\000i\000s\000k\000\040\000i\000n\000\040\000S\000t\000a\000t\000i\000s\000t\000i\000c\000a\000l\000\040\000I\000n\000f\000e\000r\000e\000n\000c\000e}{}% 34
\BOOKMARK [2][-]{subsection.10.1}{\376\377\000D\000e\000c\000i\000s\000i\000o\000n\000\040\000F\000u\000n\000c\000t\000i\000o\000n\000s\000\040\000a\000n\000d\000\040\000R\000i\000s\000k}{section.10}% 35
\BOOKMARK [2][-]{subsection.10.2}{\376\377\000A\000d\000m\000i\000s\000s\000i\000b\000i\000l\000i\000t\000y\000\040\000a\000n\000d\000\040\000M\000i\000n\000i\000m\000a\000x\000i\000t\000y}{section.10}% 36
\BOOKMARK [2][-]{subsection.10.3}{\376\377\000B\000a\000y\000e\000s\000\040\000R\000u\000l\000e\000s}{section.10}% 37
\BOOKMARK [1][-]{section.11}{\376\377\000S\000u\000f\000f\000i\000c\000i\000e\000n\000c\000y\000,\000\040\000C\000o\000m\000p\000l\000e\000t\000e\000n\000e\000s\000s\000,\000\040\000a\000n\000d\000\040\000U\000M\000V\000U\000\040\000E\000s\000t\000i\000m\000a\000t\000i\000o\000n}{}% 38
\BOOKMARK [2][-]{subsection.11.1}{\376\377\000S\000u\000f\000f\000i\000c\000i\000e\000n\000c\000y\000\040\000a\000n\000d\000\040\000M\000i\000n\000i\000m\000a\000l\000\040\000S\000u\000f\000f\000i\000c\000i\000e\000n\000c\000y}{section.11}% 39
\BOOKMARK [2][-]{subsection.11.2}{\376\377\000C\000o\000m\000p\000l\000e\000t\000e\000n\000e\000s\000s\000\040\000a\000n\000d\000\040\000L\000e\000h\000m\000a\000n\000n\040\023\000S\000c\000h\000e\000f\000f\000\351}{section.11}% 40
\BOOKMARK [2][-]{subsection.11.3}{\376\377\000R\000a\000o\040\023\000B\000l\000a\000c\000k\000w\000e\000l\000l\000\040\000T\000h\000e\000o\000r\000e\000m}{section.11}% 41
\BOOKMARK [1][-]{section.12}{\376\377\000I\000n\000f\000o\000r\000m\000a\000t\000i\000o\000n\000\040\000I\000n\000e\000q\000u\000a\000l\000i\000t\000i\000e\000s\000\040\000a\000n\000d\000\040\000C\000r\000a\000m\000\351\000r\040\023\000R\000a\000o\000\040\000B\000o\000u\000n\000d\000s}{}% 42
\BOOKMARK [2][-]{subsection.12.1}{\376\377\000F\000i\000s\000h\000e\000r\000\040\000I\000n\000f\000o\000r\000m\000a\000t\000i\000o\000n}{section.12}% 43
\BOOKMARK [2][-]{subsection.12.2}{\376\377\000C\000r\000a\000m\000\351\000r\040\023\000R\000a\000o\000\040\000I\000n\000e\000q\000u\000a\000l\000i\000t\000y}{section.12}% 44
\BOOKMARK [1][-]{section.13}{\376\377\000A\000s\000y\000m\000p\000t\000o\000t\000i\000c\000\040\000L\000i\000k\000e\000l\000i\000h\000o\000o\000d\000\040\000T\000h\000e\000o\000r\000y}{}% 45
\BOOKMARK [2][-]{subsection.13.1}{\376\377\000C\000o\000n\000s\000i\000s\000t\000e\000n\000c\000y\000\040\000a\000n\000d\000\040\000A\000s\000y\000m\000p\000t\000o\000t\000i\000c\000\040\000N\000o\000r\000m\000a\000l\000i\000t\000y\000\040\000o\000f\000\040\000M\000L\000E\000s}{section.13}% 46
\BOOKMARK [2][-]{subsection.13.2}{\376\377\000L\000i\000k\000e\000l\000i\000h\000o\000o\000d\000\040\000R\000a\000t\000i\000o\000,\000\040\000S\000c\000o\000r\000e\000,\000\040\000a\000n\000d\000\040\000W\000a\000l\000d\000\040\000T\000e\000s\000t\000s}{section.13}% 47
\BOOKMARK [1][-]{section.14}{\376\377\000B\000a\000y\000e\000s\000i\000a\000n\000\040\000A\000s\000y\000m\000p\000t\000o\000t\000i\000c\000s\000\040\000a\000n\000d\000\040\000B\000e\000r\000n\000s\000t\000e\000i\000n\040\023\000v\000o\000n\000\040\000M\000i\000s\000e\000s}{}% 48
\BOOKMARK [2][-]{subsection.14.1}{\376\377\000P\000o\000s\000t\000e\000r\000i\000o\000r\000\040\000C\000o\000n\000c\000e\000n\000t\000r\000a\000t\000i\000o\000n}{section.14}% 49
\BOOKMARK [2][-]{subsection.14.2}{\376\377\000B\000e\000r\000n\000s\000t\000e\000i\000n\040\023\000v\000o\000n\000\040\000M\000i\000s\000e\000s\000\040\000T\000h\000e\000o\000r\000e\000m\000\040\000\050\000I\000n\000f\000o\000r\000m\000a\000l\000\051}{section.14}% 50
\BOOKMARK [1][-]{section.15}{\376\377\000C\000o\000n\000c\000e\000n\000t\000r\000a\000t\000i\000o\000n\000\040\000I\000n\000e\000q\000u\000a\000l\000i\000t\000i\000e\000s\000\040\000a\000n\000d\000\040\000L\000a\000r\000g\000e\000\040\000D\000e\000v\000i\000a\000t\000i\000o\000n\000s}{}% 51
\BOOKMARK [2][-]{subsection.15.1}{\376\377\000H\000o\000e\000f\000f\000d\000i\000n\000g\000'\000s\000\040\000I\000n\000e\000q\000u\000a\000l\000i\000t\000y}{section.15}% 52
\BOOKMARK [2][-]{subsection.15.2}{\376\377\000C\000h\000e\000r\000n\000o\000f\000f\000\040\000B\000o\000u\000n\000d\000s}{section.15}% 53
\BOOKMARK [2][-]{subsection.15.3}{\376\377\000C\000r\000a\000m\000\351\000r\040\031\000s\000\040\000T\000h\000e\000o\000r\000e\000m\000\040\000\050\000L\000a\000r\000g\000e\000\040\000D\000e\000v\000i\000a\000t\000i\000o\000n\000s\000\040\000f\000o\000r\000\040\000S\000u\000m\000s\000\051}{section.15}% 54
\BOOKMARK [1][-]{section.16}{\376\377\000H\000i\000n\000t\000s\000\040\000o\000f\000\040\000H\000i\000g\000h\000-\000D\000i\000m\000e\000n\000s\000i\000o\000n\000a\000l\000\040\000S\000t\000a\000t\000i\000s\000t\000i\000c\000s}{}% 55
\BOOKMARK [2][-]{subsection.16.1}{\376\377\000C\000u\000r\000s\000e\000\040\000o\000f\000\040\000D\000i\000m\000e\000n\000s\000i\000o\000n\000a\000l\000i\000t\000y\000\040\000a\000n\000d\000\040\000S\000p\000a\000r\000s\000i\000t\000y}{section.16}% 56
\BOOKMARK [2][-]{subsection.16.2}{\376\377\000P\000e\000n\000a\000l\000i\000z\000e\000d\000\040\000E\000s\000t\000i\000m\000a\000t\000i\000o\000n\000\040\000\050\000L\000a\000s\000s\000o\000\040\000I\000d\000e\000a\000\051}{section.16}% 57
\BOOKMARK [2][-]{subsection.16.3}{\376\377\000C\000o\000n\000c\000e\000n\000t\000r\000a\000t\000i\000o\000n\000\040\000o\000f\000\040\000M\000e\000a\000s\000u\000r\000e}{section.16}% 58
\BOOKMARK [1][-]{section.17}{\376\377\000W\000h\000e\000r\000e\000\040\000t\000o\000\040\000G\000o\000\040\000N\000e\000x\000t}{}% 59
