\BOOKMARK [1][-]{section.1}{\376\377\000H\000o\000w\000\040\000t\000o\000\040\000U\000s\000e\000\040\000T\000h\000i\000s\000\040\000C\000o\000u\000r\000s\000e}{}% 1
\BOOKMARK [1][-]{section.2}{\376\377\000P\000r\000o\000b\000a\000b\000i\000l\000i\000t\000y\000\040\000F\000o\000u\000n\000d\000a\000t\000i\000o\000n\000s\000\040\000a\000t\000\040\000a\000\040\000D\000e\000e\000p\000e\000r\000\040\000L\000e\000v\000e\000l}{}% 2
\BOOKMARK [2][-]{subsection.2.1}{\376\377\000S\000i\000g\000m\000a\000-\000A\000l\000g\000e\000b\000r\000a\000s\000\040\000a\000n\000d\000\040\000P\000r\000o\000b\000a\000b\000i\000l\000i\000t\000y\000\040\000M\000e\000a\000s\000u\000r\000e\000s}{section.2}% 3
\BOOKMARK [2][-]{subsection.2.2}{\376\377\000D\000i\000s\000t\000r\000i\000b\000u\000t\000i\000o\000n\000\040\000F\000u\000n\000c\000t\000i\000o\000n\000s}{section.2}% 4
\BOOKMARK [2][-]{subsection.2.3}{\376\377\000T\000r\000a\000n\000s\000f\000o\000r\000m\000a\000t\000i\000o\000n\000s\000\040\000o\000f\000\040\000R\000a\000n\000d\000o\000m\000\040\000V\000a\000r\000i\000a\000b\000l\000e\000s}{section.2}% 5
\BOOKMARK [1][-]{section.3}{\376\377\000M\000o\000d\000e\000s\000\040\000o\000f\000\040\000C\000o\000n\000v\000e\000r\000g\000e\000n\000c\000e}{}% 6
\BOOKMARK [2][-]{subsection.3.1}{\376\377\000C\000o\000n\000v\000e\000r\000g\000e\000n\000c\000e\000\040\000i\000n\000\040\000P\000r\000o\000b\000a\000b\000i\000l\000i\000t\000y}{section.3}% 7
\BOOKMARK [2][-]{subsection.3.2}{\376\377\000A\000l\000m\000o\000s\000t\000\040\000S\000u\000r\000e\000\040\000C\000o\000n\000v\000e\000r\000g\000e\000n\000c\000e}{section.3}% 8
\BOOKMARK [2][-]{subsection.3.3}{\376\377\000C\000o\000n\000v\000e\000r\000g\000e\000n\000c\000e\000\040\000i\000n\000\040\000D\000i\000s\000t\000r\000i\000b\000u\000t\000i\000o\000n}{section.3}% 9
\BOOKMARK [1][-]{section.4}{\376\377\000L\000a\000w\000\040\000o\000f\000\040\000L\000a\000r\000g\000e\000\040\000N\000u\000m\000b\000e\000r\000s\000\040\000R\000e\000v\000i\000s\000i\000t\000e\000d}{}% 10
\BOOKMARK [2][-]{subsection.4.1}{\376\377\000W\000e\000a\000k\000\040\000L\000a\000w\000\040\000o\000f\000\040\000L\000a\000r\000g\000e\000\040\000N\000u\000m\000b\000e\000r\000s\000\040\000\050\000W\000L\000L\000N\000\051}{section.4}% 11
\BOOKMARK [2][-]{subsection.4.2}{\376\377\000S\000t\000r\000o\000n\000g\000\040\000L\000a\000w\000\040\000o\000f\000\040\000L\000a\000r\000g\000e\000\040\000N\000u\000m\000b\000e\000r\000s\000\040\000\050\000S\000L\000L\000N\000\051}{section.4}% 12
\BOOKMARK [1][-]{section.5}{\376\377\000C\000e\000n\000t\000r\000a\000l\000\040\000L\000i\000m\000i\000t\000\040\000T\000h\000e\000o\000r\000e\000m\000\040\000a\000n\000d\000\040\000D\000e\000l\000t\000a\000\040\000M\000e\000t\000h\000o\000d}{}% 13
\BOOKMARK [2][-]{subsection.5.1}{\376\377\000C\000l\000a\000s\000s\000i\000c\000a\000l\000\040\000C\000e\000n\000t\000r\000a\000l\000\040\000L\000i\000m\000i\000t\000\040\000T\000h\000e\000o\000r\000e\000m}{section.5}% 14
\BOOKMARK [2][-]{subsection.5.2}{\376\377\000D\000e\000l\000t\000a\000\040\000M\000e\000t\000h\000o\000d}{section.5}% 15
\BOOKMARK [1][-]{section.6}{\376\377\000M\000o\000m\000e\000n\000t\000\040\000G\000e\000n\000e\000r\000a\000t\000i\000n\000g\000\040\000a\000n\000d\000\040\000C\000h\000a\000r\000a\000c\000t\000e\000r\000i\000s\000t\000i\000c\000\040\000F\000u\000n\000c\000t\000i\000o\000n\000s}{}% 16
\BOOKMARK [2][-]{subsection.6.1}{\376\377\000M\000o\000m\000e\000n\000t\000\040\000G\000e\000n\000e\000r\000a\000t\000i\000n\000g\000\040\000F\000u\000n\000c\000t\000i\000o\000n\000s}{section.6}% 17
\BOOKMARK [2][-]{subsection.6.2}{\376\377\000C\000h\000a\000r\000a\000c\000t\000e\000r\000i\000s\000t\000i\000c\000\040\000F\000u\000n\000c\000t\000i\000o\000n\000s}{section.6}% 18
\BOOKMARK [1][-]{section.7}{\376\377\000M\000u\000l\000t\000i\000v\000a\000r\000i\000a\000t\000e\000\040\000D\000i\000s\000t\000r\000i\000b\000u\000t\000i\000o\000n\000s\000\040\000a\000n\000d\000\040\000t\000h\000e\000\040\000M\000u\000l\000t\000i\000v\000a\000r\000i\000a\000t\000e\000\040\000N\000o\000r\000m\000a\000l}{}% 19
\BOOKMARK [2][-]{subsection.7.1}{\376\377\000J\000o\000i\000n\000t\000,\000\040\000M\000a\000r\000g\000i\000n\000a\000l\000,\000\040\000a\000n\000d\000\040\000C\000o\000n\000d\000i\000t\000i\000o\000n\000a\000l\000\040\000D\000i\000s\000t\000r\000i\000b\000u\000t\000i\000o\000n\000s}{section.7}% 20
\BOOKMARK [2][-]{subsection.7.2}{\376\377\000C\000o\000v\000a\000r\000i\000a\000n\000c\000e\000\040\000M\000a\000t\000r\000i\000x}{section.7}% 21
\BOOKMARK [2][-]{subsection.7.3}{\376\377\000M\000u\000l\000t\000i\000v\000a\000r\000i\000a\000t\000e\000\040\000N\000o\000r\000m\000a\000l\000\040\000D\000i\000s\000t\000r\000i\000b\000u\000t\000i\000o\000n}{section.7}% 22
\BOOKMARK [1][-]{section.8}{\376\377\000C\000o\000n\000d\000i\000t\000i\000o\000n\000a\000l\000\040\000E\000x\000p\000e\000c\000t\000a\000t\000i\000o\000n\000\040\000a\000n\000d\000\040\000L\000a\000w\000s\000\040\000o\000f\000\040\000T\000o\000t\000a\000l\000\040\000E\000x\000p\000e\000c\000t\000a\000t\000i\000o\000n\000/\000V\000a\000r\000i\000a\000n\000c\000e}{}% 23
\BOOKMARK [2][-]{subsection.8.1}{\376\377\000C\000o\000n\000d\000i\000t\000i\000o\000n\000a\000l\000\040\000E\000x\000p\000e\000c\000t\000a\000t\000i\000o\000n}{section.8}% 24
\BOOKMARK [2][-]{subsection.8.2}{\376\377\000L\000a\000w\000\040\000o\000f\000\040\000T\000o\000t\000a\000l\000\040\000E\000x\000p\000e\000c\000t\000a\000t\000i\000o\000n}{section.8}% 25
\BOOKMARK [2][-]{subsection.8.3}{\376\377\000L\000a\000w\000\040\000o\000f\000\040\000T\000o\000t\000a\000l\000\040\000V\000a\000r\000i\000a\000n\000c\000e}{section.8}% 26
\BOOKMARK [1][-]{section.9}{\376\377\000S\000a\000m\000p\000l\000i\000n\000g\000\040\000D\000i\000s\000t\000r\000i\000b\000u\000t\000i\000o\000n\000s\000:\000\040\000c\000h\000i\000-\000s\000q\000u\000a\000r\000e\000,\000\040\000t\000,\000\040\000a\000n\000d\000\040\000F}{}% 27
\BOOKMARK [2][-]{subsection.9.1}{\376\377\000C\000h\000i\000-\000S\000q\000u\000a\000r\000e\000\040\000D\000i\000s\000t\000r\000i\000b\000u\000t\000i\000o\000n}{section.9}% 28
\BOOKMARK [2][-]{subsection.9.2}{\376\377\000S\000t\000u\000d\000e\000n\000t\000'\000s\000\040\000t\000\040\000D\000i\000s\000t\000r\000i\000b\000u\000t\000i\000o\000n}{section.9}% 29
\BOOKMARK [2][-]{subsection.9.3}{\376\377\000F\000\040\000D\000i\000s\000t\000r\000i\000b\000u\000t\000i\000o\000n}{section.9}% 30
\BOOKMARK [1][-]{section.10}{\376\377\000P\000o\000i\000n\000t\000\040\000E\000s\000t\000i\000m\000a\000t\000i\000o\000n\000:\000\040\000P\000r\000o\000p\000e\000r\000t\000i\000e\000s\000\040\000a\000n\000d\000\040\000C\000o\000n\000s\000t\000r\000u\000c\000t\000i\000o\000n\000s}{}% 31
\BOOKMARK [2][-]{subsection.10.1}{\376\377\000D\000e\000s\000i\000r\000a\000b\000l\000e\000\040\000P\000r\000o\000p\000e\000r\000t\000i\000e\000s\000\040\000o\000f\000\040\000E\000s\000t\000i\000m\000a\000t\000o\000r\000s}{section.10}% 32
\BOOKMARK [2][-]{subsection.10.2}{\376\377\000M\000e\000t\000h\000o\000d\000\040\000o\000f\000\040\000M\000o\000m\000e\000n\000t\000s}{section.10}% 33
\BOOKMARK [2][-]{subsection.10.3}{\376\377\000M\000a\000x\000i\000m\000u\000m\000\040\000L\000i\000k\000e\000l\000i\000h\000o\000o\000d\000\040\000E\000s\000t\000i\000m\000a\000t\000i\000o\000n\000\040\000\050\000M\000L\000E\000\051}{section.10}% 34
\BOOKMARK [2][-]{subsection.10.4}{\376\377\000A\000s\000y\000m\000p\000t\000o\000t\000i\000c\000\040\000N\000o\000r\000m\000a\000l\000i\000t\000y\000\040\000o\000f\000\040\000M\000L\000E\000s}{section.10}% 35
\BOOKMARK [1][-]{section.11}{\376\377\000S\000u\000f\000f\000i\000c\000i\000e\000n\000c\000y\000\040\000a\000n\000d\000\040\000E\000x\000p\000o\000n\000e\000n\000t\000i\000a\000l\000\040\000F\000a\000m\000i\000l\000i\000e\000s}{}% 36
\BOOKMARK [2][-]{subsection.11.1}{\376\377\000S\000u\000f\000f\000i\000c\000i\000e\000n\000t\000\040\000S\000t\000a\000t\000i\000s\000t\000i\000c\000s}{section.11}% 37
\BOOKMARK [2][-]{subsection.11.2}{\376\377\000F\000a\000c\000t\000o\000r\000i\000z\000a\000t\000i\000o\000n\000\040\000T\000h\000e\000o\000r\000e\000m}{section.11}% 38
\BOOKMARK [2][-]{subsection.11.3}{\376\377\000E\000x\000p\000o\000n\000e\000n\000t\000i\000a\000l\000\040\000F\000a\000m\000i\000l\000i\000e\000s}{section.11}% 39
\BOOKMARK [1][-]{section.12}{\376\377\000H\000y\000p\000o\000t\000h\000e\000s\000i\000s\000\040\000T\000e\000s\000t\000i\000n\000g\000:\000\040\000N\000e\000y\000m\000a\000n\040\023\000P\000e\000a\000r\000s\000o\000n\000\040\000a\000n\000d\000\040\000L\000i\000k\000e\000l\000i\000h\000o\000o\000d\000\040\000R\000a\000t\000i\000o\000\040\000T\000e\000s\000t\000s}{}% 40
\BOOKMARK [2][-]{subsection.12.1}{\376\377\000N\000e\000y\000m\000a\000n\040\023\000P\000e\000a\000r\000s\000o\000n\000\040\000L\000e\000m\000m\000a\000\040\000\050\000S\000i\000m\000p\000l\000e\000\040\000v\000s\000.\000\040\000S\000i\000m\000p\000l\000e\000\051}{section.12}% 41
\BOOKMARK [2][-]{subsection.12.2}{\376\377\000L\000i\000k\000e\000l\000i\000h\000o\000o\000d\000\040\000R\000a\000t\000i\000o\000\040\000T\000e\000s\000t\000s\000\040\000\050\000L\000R\000T\000s\000\051}{section.12}% 42
\BOOKMARK [1][-]{section.13}{\376\377\000B\000a\000y\000e\000s\000i\000a\000n\000\040\000I\000n\000f\000e\000r\000e\000n\000c\000e\000\040\000B\000a\000s\000i\000c\000s}{}% 43
\BOOKMARK [2][-]{subsection.13.1}{\376\377\000B\000a\000y\000e\000s\000'\000\040\000R\000u\000l\000e\000\040\000f\000o\000r\000\040\000P\000a\000r\000a\000m\000e\000t\000e\000r\000s}{section.13}% 44
\BOOKMARK [2][-]{subsection.13.2}{\376\377\000C\000o\000n\000j\000u\000g\000a\000t\000e\000\040\000P\000r\000i\000o\000r\000s}{section.13}% 45
\BOOKMARK [2][-]{subsection.13.3}{\376\377\000P\000o\000s\000t\000e\000r\000i\000o\000r\000\040\000M\000e\000a\000n\000\040\000a\000n\000d\000\040\000C\000r\000e\000d\000i\000b\000l\000e\000\040\000I\000n\000t\000e\000r\000v\000a\000l\000s}{section.13}% 46
\BOOKMARK [1][-]{section.14}{\376\377\000M\000u\000l\000t\000i\000p\000l\000e\000\040\000L\000i\000n\000e\000a\000r\000\040\000R\000e\000g\000r\000e\000s\000s\000i\000o\000n\000\040\000i\000n\000\040\000M\000a\000t\000r\000i\000x\000\040\000F\000o\000r\000m}{}% 47
\BOOKMARK [2][-]{subsection.14.1}{\376\377\000M\000o\000d\000e\000l\000\040\000a\000n\000d\000\040\000L\000e\000a\000s\000t\000\040\000S\000q\000u\000a\000r\000e\000s\000\040\000E\000s\000t\000i\000m\000a\000t\000o\000r}{section.14}% 48
\BOOKMARK [2][-]{subsection.14.2}{\376\377\000G\000a\000u\000s\000s\040\023\000M\000a\000r\000k\000o\000v\000\040\000T\000h\000e\000o\000r\000e\000m}{section.14}% 49
\BOOKMARK [2][-]{subsection.14.3}{\376\377\000I\000n\000f\000e\000r\000e\000n\000c\000e\000\040\000a\000n\000d\000\040\000F\000-\000t\000e\000s\000t\000s}{section.14}% 50
\BOOKMARK [1][-]{section.15}{\376\377\000L\000o\000g\000i\000s\000t\000i\000c\000\040\000R\000e\000g\000r\000e\000s\000s\000i\000o\000n\000\040\000O\000v\000e\000r\000v\000i\000e\000w}{}% 51
\BOOKMARK [2][-]{subsection.15.1}{\376\377\000B\000i\000n\000a\000r\000y\000\040\000R\000e\000s\000p\000o\000n\000s\000e\000\040\000M\000o\000d\000e\000l}{section.15}% 52
\BOOKMARK [2][-]{subsection.15.2}{\376\377\000I\000n\000t\000e\000r\000p\000r\000e\000t\000a\000t\000i\000o\000n}{section.15}% 53
\BOOKMARK [1][-]{section.16}{\376\377\000R\000e\000s\000a\000m\000p\000l\000i\000n\000g\000\040\000a\000n\000d\000\040\000t\000h\000e\000\040\000B\000o\000o\000t\000s\000t\000r\000a\000p}{}% 54
\BOOKMARK [2][-]{subsection.16.1}{\376\377\000M\000o\000t\000i\000v\000a\000t\000i\000o\000n}{section.16}% 55
\BOOKMARK [2][-]{subsection.16.2}{\376\377\000N\000o\000n\000p\000a\000r\000a\000m\000e\000t\000r\000i\000c\000\040\000B\000o\000o\000t\000s\000t\000r\000a\000p\000\040\000A\000l\000g\000o\000r\000i\000t\000h\000m}{section.16}% 56
\BOOKMARK [2][-]{subsection.16.3}{\376\377\000B\000o\000o\000t\000s\000t\000r\000a\000p\000\040\000C\000o\000n\000f\000i\000d\000e\000n\000c\000e\000\040\000I\000n\000t\000e\000r\000v\000a\000l\000s}{section.16}% 57
\BOOKMARK [1][-]{section.17}{\376\377\000N\000e\000x\000t\000\040\000S\000t\000e\000p\000s\000\040\000a\000n\000d\000\040\000F\000u\000r\000t\000h\000e\000r\000\040\000R\000e\000a\000d\000i\000n\000g}{}% 58
