\BOOKMARK [1][-]{section.1}{\376\377\000H\000o\000w\000\040\000t\000o\000\040\000U\000s\000e\000\040\000T\000h\000i\000s\000\040\000C\000o\000u\000r\000s\000e}{}% 1
\BOOKMARK [1][-]{section.2}{\376\377\000F\000o\000u\000n\000d\000a\000t\000i\000o\000n\000s\000:\000\040\000S\000e\000t\000s\000,\000\040\000E\000v\000e\000n\000t\000s\000,\000\040\000a\000n\000d\000\040\000N\000o\000t\000a\000t\000i\000o\000n}{}% 2
\BOOKMARK [2][-]{subsection.2.1}{\376\377\000S\000e\000t\000s\000\040\000a\000n\000d\000\040\000E\000v\000e\000n\000t\000s}{section.2}% 3
\BOOKMARK [2][-]{subsection.2.2}{\376\377\000S\000e\000t\000\040\000O\000p\000e\000r\000a\000t\000i\000o\000n\000s}{section.2}% 4
\BOOKMARK [2][-]{subsection.2.3}{\376\377\000S\000i\000g\000m\000a\000-\000A\000l\000g\000e\000b\000r\000a\000s\000\040\000\050\000O\000p\000t\000i\000o\000n\000a\000l\000\040\000I\000n\000t\000u\000i\000t\000i\000o\000n\000\051}{section.2}% 5
\BOOKMARK [1][-]{section.3}{\376\377\000D\000e\000s\000c\000r\000i\000p\000t\000i\000v\000e\000\040\000S\000t\000a\000t\000i\000s\000t\000i\000c\000s\000:\000\040\000S\000u\000m\000m\000a\000r\000i\000z\000i\000n\000g\000\040\000D\000a\000t\000a}{}% 6
\BOOKMARK [2][-]{subsection.3.1}{\376\377\000T\000y\000p\000e\000s\000\040\000o\000f\000\040\000D\000a\000t\000a}{section.3}% 7
\BOOKMARK [2][-]{subsection.3.2}{\376\377\000M\000e\000a\000s\000u\000r\000e\000s\000\040\000o\000f\000\040\000C\000e\000n\000t\000r\000a\000l\000\040\000T\000e\000n\000d\000e\000n\000c\000y}{section.3}% 8
\BOOKMARK [2][-]{subsection.3.3}{\376\377\000M\000e\000a\000s\000u\000r\000e\000s\000\040\000o\000f\000\040\000S\000p\000r\000e\000a\000d}{section.3}% 9
\BOOKMARK [2][-]{subsection.3.4}{\376\377\000Z\000-\000S\000c\000o\000r\000e\000s}{section.3}% 10
\BOOKMARK [1][-]{section.4}{\376\377\000P\000r\000o\000b\000a\000b\000i\000l\000i\000t\000y\000:\000\040\000A\000x\000i\000o\000m\000s\000\040\000a\000n\000d\000\040\000B\000a\000s\000i\000c\000\040\000R\000u\000l\000e\000s}{}% 11
\BOOKMARK [2][-]{subsection.4.1}{\376\377\000P\000r\000o\000b\000a\000b\000i\000l\000i\000t\000y\000\040\000S\000p\000a\000c\000e\000\040\000a\000n\000d\000\040\000A\000x\000i\000o\000m\000s}{section.4}% 12
\BOOKMARK [2][-]{subsection.4.2}{\376\377\000E\000q\000u\000a\000l\000l\000y\000\040\000L\000i\000k\000e\000l\000y\000\040\000O\000u\000t\000c\000o\000m\000e\000s}{section.4}% 13
\BOOKMARK [2][-]{subsection.4.3}{\376\377\000B\000a\000s\000i\000c\000\040\000P\000r\000o\000b\000a\000b\000i\000l\000i\000t\000y\000\040\000R\000u\000l\000e\000s}{section.4}% 14
\BOOKMARK [2][-]{subsection.4.4}{\376\377\000C\000o\000n\000d\000i\000t\000i\000o\000n\000a\000l\000\040\000P\000r\000o\000b\000a\000b\000i\000l\000i\000t\000y\000\040\000a\000n\000d\000\040\000I\000n\000d\000e\000p\000e\000n\000d\000e\000n\000c\000e}{section.4}% 15
\BOOKMARK [2][-]{subsection.4.5}{\376\377\000B\000a\000y\000e\000s\000'\000\040\000T\000h\000e\000o\000r\000e\000m}{section.4}% 16
\BOOKMARK [1][-]{section.5}{\376\377\000C\000o\000u\000n\000t\000i\000n\000g\000\040\000T\000e\000c\000h\000n\000i\000q\000u\000e\000s}{}% 17
\BOOKMARK [2][-]{subsection.5.1}{\376\377\000M\000u\000l\000t\000i\000p\000l\000i\000c\000a\000t\000i\000o\000n\000\040\000P\000r\000i\000n\000c\000i\000p\000l\000e}{section.5}% 18
\BOOKMARK [2][-]{subsection.5.2}{\376\377\000P\000e\000r\000m\000u\000t\000a\000t\000i\000o\000n\000s}{section.5}% 19
\BOOKMARK [2][-]{subsection.5.3}{\376\377\000C\000o\000m\000b\000i\000n\000a\000t\000i\000o\000n\000s}{section.5}% 20
\BOOKMARK [2][-]{subsection.5.4}{\376\377\000C\000o\000u\000n\000t\000i\000n\000g\000\040\000a\000n\000d\000\040\000P\000r\000o\000b\000a\000b\000i\000l\000i\000t\000y}{section.5}% 21
\BOOKMARK [1][-]{section.6}{\376\377\000D\000i\000s\000c\000r\000e\000t\000e\000\040\000R\000a\000n\000d\000o\000m\000\040\000V\000a\000r\000i\000a\000b\000l\000e\000s\000\040\000a\000n\000d\000\040\000D\000i\000s\000t\000r\000i\000b\000u\000t\000i\000o\000n\000s}{}% 22
\BOOKMARK [2][-]{subsection.6.1}{\376\377\000R\000a\000n\000d\000o\000m\000\040\000V\000a\000r\000i\000a\000b\000l\000e\000s}{section.6}% 23
\BOOKMARK [2][-]{subsection.6.2}{\376\377\000P\000r\000o\000b\000a\000b\000i\000l\000i\000t\000y\000\040\000M\000a\000s\000s\000\040\000F\000u\000n\000c\000t\000i\000o\000n\000\040\000\050\000P\000M\000F\000\051}{section.6}% 24
\BOOKMARK [2][-]{subsection.6.3}{\376\377\000B\000e\000r\000n\000o\000u\000l\000l\000i\000\040\000a\000n\000d\000\040\000B\000i\000n\000o\000m\000i\000a\000l\000\040\000D\000i\000s\000t\000r\000i\000b\000u\000t\000i\000o\000n\000s}{section.6}% 25
\BOOKMARK [2][-]{subsection.6.4}{\376\377\000G\000e\000o\000m\000e\000t\000r\000i\000c\000\040\000a\000n\000d\000\040\000P\000o\000i\000s\000s\000o\000n\000\040\000D\000i\000s\000t\000r\000i\000b\000u\000t\000i\000o\000n\000s}{section.6}% 26
\BOOKMARK [2][-]{subsection.6.5}{\376\377\000E\000x\000p\000e\000c\000t\000a\000t\000i\000o\000n\000\040\000a\000n\000d\000\040\000V\000a\000r\000i\000a\000n\000c\000e\000\040\000\050\000D\000i\000s\000c\000r\000e\000t\000e\000\051}{section.6}% 27
\BOOKMARK [1][-]{section.7}{\376\377\000C\000o\000n\000t\000i\000n\000u\000o\000u\000s\000\040\000R\000a\000n\000d\000o\000m\000\040\000V\000a\000r\000i\000a\000b\000l\000e\000s}{}% 28
\BOOKMARK [2][-]{subsection.7.1}{\376\377\000P\000r\000o\000b\000a\000b\000i\000l\000i\000t\000y\000\040\000D\000e\000n\000s\000i\000t\000y\000\040\000F\000u\000n\000c\000t\000i\000o\000n\000\040\000\050\000P\000D\000F\000\051}{section.7}% 29
\BOOKMARK [2][-]{subsection.7.2}{\376\377\000U\000n\000i\000f\000o\000r\000m\000\040\000D\000i\000s\000t\000r\000i\000b\000u\000t\000i\000o\000n}{section.7}% 30
\BOOKMARK [2][-]{subsection.7.3}{\376\377\000N\000o\000r\000m\000a\000l\000\040\000\050\000G\000a\000u\000s\000s\000i\000a\000n\000\051\000\040\000D\000i\000s\000t\000r\000i\000b\000u\000t\000i\000o\000n}{section.7}% 31
\BOOKMARK [2][-]{subsection.7.4}{\376\377\000E\000x\000p\000o\000n\000e\000n\000t\000i\000a\000l\000\040\000D\000i\000s\000t\000r\000i\000b\000u\000t\000i\000o\000n}{section.7}% 32
\BOOKMARK [1][-]{section.8}{\376\377\000J\000o\000i\000n\000t\000\040\000D\000i\000s\000t\000r\000i\000b\000u\000t\000i\000o\000n\000s\000,\000\040\000C\000o\000v\000a\000r\000i\000a\000n\000c\000e\000,\000\040\000a\000n\000d\000\040\000C\000o\000r\000r\000e\000l\000a\000t\000i\000o\000n}{}% 33
\BOOKMARK [2][-]{subsection.8.1}{\376\377\000J\000o\000i\000n\000t\000\040\000D\000i\000s\000t\000r\000i\000b\000u\000t\000i\000o\000n\000s}{section.8}% 34
\BOOKMARK [2][-]{subsection.8.2}{\376\377\000C\000o\000v\000a\000r\000i\000a\000n\000c\000e}{section.8}% 35
\BOOKMARK [2][-]{subsection.8.3}{\376\377\000C\000o\000r\000r\000e\000l\000a\000t\000i\000o\000n}{section.8}% 36
\BOOKMARK [1][-]{section.9}{\376\377\000L\000a\000w\000\040\000o\000f\000\040\000L\000a\000r\000g\000e\000\040\000N\000u\000m\000b\000e\000r\000s\000\040\000a\000n\000d\000\040\000C\000e\000n\000t\000r\000a\000l\000\040\000L\000i\000m\000i\000t\000\040\000T\000h\000e\000o\000r\000e\000m}{}% 37
\BOOKMARK [2][-]{subsection.9.1}{\376\377\000L\000a\000w\000\040\000o\000f\000\040\000L\000a\000r\000g\000e\000\040\000N\000u\000m\000b\000e\000r\000s\000\040\000\050\000L\000L\000N\000\051}{section.9}% 38
\BOOKMARK [2][-]{subsection.9.2}{\376\377\000C\000e\000n\000t\000r\000a\000l\000\040\000L\000i\000m\000i\000t\000\040\000T\000h\000e\000o\000r\000e\000m\000\040\000\050\000C\000L\000T\000\051}{section.9}% 39
\BOOKMARK [1][-]{section.10}{\376\377\000F\000r\000o\000m\000\040\000P\000r\000o\000b\000a\000b\000i\000l\000i\000t\000y\000\040\000t\000o\000\040\000S\000t\000a\000t\000i\000s\000t\000i\000c\000s\000:\000\040\000S\000a\000m\000p\000l\000i\000n\000g\000\040\000a\000n\000d\000\040\000E\000s\000t\000i\000m\000a\000t\000i\000o\000n}{}% 40
\BOOKMARK [2][-]{subsection.10.1}{\376\377\000P\000o\000p\000u\000l\000a\000t\000i\000o\000n\000\040\000v\000s\000.\000\040\000S\000a\000m\000p\000l\000e}{section.10}% 41
\BOOKMARK [2][-]{subsection.10.2}{\376\377\000P\000o\000i\000n\000t\000\040\000E\000s\000t\000i\000m\000a\000t\000o\000r\000s}{section.10}% 42
\BOOKMARK [2][-]{subsection.10.3}{\376\377\000S\000a\000m\000p\000l\000i\000n\000g\000\040\000D\000i\000s\000t\000r\000i\000b\000u\000t\000i\000o\000n}{section.10}% 43
\BOOKMARK [1][-]{section.11}{\376\377\000C\000o\000n\000f\000i\000d\000e\000n\000c\000e\000\040\000I\000n\000t\000e\000r\000v\000a\000l\000s\000\040\000f\000o\000r\000\040\000a\000\040\000M\000e\000a\000n}{}% 44
\BOOKMARK [2][-]{subsection.11.1}{\376\377\000K\000n\000o\000w\000n\000\040\000V\000a\000r\000i\000a\000n\000c\000e\000,\000\040\000N\000o\000r\000m\000a\000l\000\040\000M\000o\000d\000e\000l}{section.11}% 45
\BOOKMARK [2][-]{subsection.11.2}{\376\377\000U\000n\000k\000n\000o\000w\000n\000\040\000V\000a\000r\000i\000a\000n\000c\000e\000,\000\040\000t\000-\000D\000i\000s\000t\000r\000i\000b\000u\000t\000i\000o\000n}{section.11}% 46
\BOOKMARK [1][-]{section.12}{\376\377\000H\000y\000p\000o\000t\000h\000e\000s\000i\000s\000\040\000T\000e\000s\000t\000i\000n\000g}{}% 47
\BOOKMARK [2][-]{subsection.12.1}{\376\377\000B\000a\000s\000i\000c\000\040\000C\000o\000n\000c\000e\000p\000t\000s}{section.12}% 48
\BOOKMARK [2][-]{subsection.12.2}{\376\377\000Z\000-\000T\000e\000s\000t\000\040\000f\000o\000r\000\040\000a\000\040\000M\000e\000a\000n\000\040\000\050\000K\000n\000o\000w\000n\000\040\000V\000a\000r\000i\000a\000n\000c\000e\000\051}{section.12}% 49
\BOOKMARK [2][-]{subsection.12.3}{\376\377\000t\000-\000T\000e\000s\000t\000\040\000f\000o\000r\000\040\000a\000\040\000M\000e\000a\000n\000\040\000\050\000U\000n\000k\000n\000o\000w\000n\000\040\000V\000a\000r\000i\000a\000n\000c\000e\000\051}{section.12}% 50
\BOOKMARK [1][-]{section.13}{\376\377\000S\000i\000m\000p\000l\000e\000\040\000L\000i\000n\000e\000a\000r\000\040\000R\000e\000g\000r\000e\000s\000s\000i\000o\000n}{}% 51
\BOOKMARK [2][-]{subsection.13.1}{\376\377\000M\000o\000d\000e\000l\000\040\000S\000e\000t\000u\000p}{section.13}% 52
\BOOKMARK [2][-]{subsection.13.2}{\376\377\000L\000e\000a\000s\000t\000\040\000S\000q\000u\000a\000r\000e\000s\000\040\000E\000s\000t\000i\000m\000a\000t\000i\000o\000n}{section.13}% 53
\BOOKMARK [1][-]{section.14}{\376\377\000W\000h\000e\000r\000e\000\040\000t\000o\000\040\000G\000o\000\040\000N\000e\000x\000t}{}% 54
